<?xml version="1.0" encoding="UTF-8"?>
<!-- Generated by org.testng.reporters.JUnitReportReporter -->
<testsuite skipped="0" hostname="LAPTOP-4V7TGS1I" name="cart_functionality" tests="1" failures="0" timestamp="2021-01-16T16:01:30 IST" time="47.295" errors="0">
  <testcase name="Login" time="47.295" classname="cart_functionality"/>
  <system-out/>
</testsuite> <!-- cart_functionality -->
